"../../../../PROD/RGcube/Content/Material/M_GreenLight.uasset" 0
"../../../Engine/Content/EngineMeshes/Sphere.uasset" 1
"../../../Engine/Content/EngineMaterials/T_Default_Material_Grid_N.uasset" 2
"../../../Engine/Content/EngineMaterials/T_Default_Material_Grid_M.uasset" 3
"../../../Engine/Content/Functions/Engine_MaterialFunctions01/Opacity/CameraDepthFade.uasset" 4
"../../../Engine/Content/EngineMaterials/DefaultMaterial.uasset" 5
"../../../Engine/Content/BasicShapes/Sphere.uasset" 6
"../../../../PROD/RGcube/Content/Material/M_Wall.uasset" 7
"../../../Engine/Content/EngineMaterials/WorldGridMaterial.uasset" 8
"../../../Engine/Content/BasicShapes/Cube.uasset" 9
"../../../../PROD/RGcube/Content/Material/M_Invisible.uasset" 10
"../../../../PROD/RGcube/Content/Material/M_RedLight.uasset" 11
"../../../../PROD/RGcube/Content/MainBlueprints/BP_CLONE.uasset" 12
"../../../../PROD/RGcube/Content/Music/9.uasset" 13
"../../../../PROD/RGcube/Content/Music/8.uasset" 14
"../../../../PROD/RGcube/Content/Music/7.uasset" 15
"../../../../PROD/RGcube/Content/Music/6.uasset" 16
"../../../../PROD/RGcube/Content/Music/5.uasset" 17
"../../../../PROD/RGcube/Content/Music/4.uasset" 18
"../../../../PROD/RGcube/Content/Music/3.uasset" 19
"../../../../PROD/RGcube/Content/Music/2.uasset" 20
"../../../../PROD/RGcube/Content/Music/12.uasset" 21
"../../../../PROD/RGcube/Content/Music/11.uasset" 22
"../../../../PROD/RGcube/Content/Music/10.uasset" 23
"../../../../PROD/RGcube/Content/Music/1.uasset" 24
"../../../../PROD/RGcube/Content/Music/SFX_Pick_Up.uasset" 25
"../../../../PROD/RGcube/Content/Blueprints/BP_Change_Color_To_Green.uasset" 26
"../../../../PROD/RGcube/Content/Blueprints/BP_Change_Color.uasset" 27
"../../../../PROD/RGcube/Content/Blueprints/BP_Green_Gate.uasset" 28
"../../../../PROD/RGcube/Content/Blueprints/RedWall.uasset" 29
"../../../Engine/Content/BasicShapes/BasicShapeMaterial.uasset" 30
"../../../../PROD/RGcube/Content/Blueprints/GreenCollect.uasset" 31
"../../../../PROD/RGcube/Content/MainBlueprints/BP_RGB.uasset" 32
"../../../../PROD/RGcube/Content/MainBlueprints/BP_RGBOt.uasset" 33
"../../../../PROD/RGcube/Content/MainBlueprints/RGBot.uasset" 34
"../../../../PROD/RGcube/Content/MainBlueprints/BP_GameModeRG.uasset" 35
"../../../../PROD/RGcube/Content/MainBlueprints/GameModeRG.uasset" 36
"../../../../PROD/RGcube/Content/Material/M_Button.uasset" 37
"../../../../PROD/RGcube/Content/Material/fa387013bb0242ec8ffc267efb78b2dd_i-34.uasset" 38
"../../../../PROD/RGcube/Content/Material/M_CubePlayer.uasset" 39
"../../../../PROD/RGcube/Content/Material/M_RGbot.uasset" 40
"../../../Engine/Content/Maps/Templates/Thumbnails/Default.uasset" 41
"../../../Engine/Content/Maps/Templates/Thumbnails/TimeOfDay.uasset" 42
"../../../Engine/Content/Maps/Templates/Thumbnails/VR-Basic.uasset" 43
"../../../Engine/Content/MobileResources/T_MobileControls_texture.uasset" 44
"../../../Engine/Content/MobileResources/T_MobileMenu2.uasset" 45
"../../../Engine/Content/MobileResources/HUD/MobileHUDDirectionPad3.uasset" 46
"../../../Engine/Content/MobileResources/HUD/MobileHUDButton2_off.uasset" 47
"../../../Engine/Content/MobileResources/HUD/MobileHUDButton3.uasset" 48
"../../../Engine/Content/MobileResources/HUD/T_Castle_ThumbstickInner.uasset" 49
"../../../Engine/Content/MobileResources/HUD/MobileHUDDirectionStick.uasset" 50
"../../../Engine/Content/MobileResources/HUD/VirtualJoystick_Thumb.uasset" 51
"../../../Engine/Content/MobileResources/HUD/VirtualJoystick_Background.uasset" 52
"../../../Engine/Content/MobileResources/HUD/DefaultVirtualJoysticks.uasset" 53
"../../../Engine/Content/MobileResources/HUD/T_Castle_ThumbstickOutter.uasset" 54
"../../../Engine/Content/MobileResources/HUD/MobileHUDButton2_on.uasset" 55
"../../../Engine/Content/MobileResources/HUD/MobileHUDDirectionPad2.uasset" 56
"../../../Engine/Content/MobileResources/HUD/MobileHUDDirectionPad.uasset" 57
"../../../Engine/Content/MobileResources/HUD/AnalogHat.uasset" 58
"../../../Engine/Content/MobileResources/HUD/MobileHUDButton1_on.uasset" 59
"../../../Engine/Content/MobileResources/HUD/MobileHUDButtonFire.uasset" 60
"../../../Engine/Content/MobileResources/HUD/LeftVirtualJoystickOnly.uasset" 61
"../../../Engine/Content/MobileResources/HUD/MobileHUDButton1_off.uasset" 62
"../../../Engine/Content/Tutorial/ContentIntroCurve.uasset" 63
"../../../Engine/Content/Tutorial/Basics/TutorialAssets/icon_tab_Levels_40x.uasset" 64
"../../../Engine/Content/Tutorial/Basics/LevelEditorOverview.uasset" 65
"../../../Engine/Content/Tutorial/Basics/LevelEditorAttract.uasset" 66
"../../../Engine/Content/Tutorial/BlueprintTutorials/TutorialAssets/Blueprint_64x.uasset" 67
"../../../Engine/Content/Tutorial/BlueprintTutorials/BlueprintEditorTutorial.uasset" 68
"../../../Engine/Content/EngineResources/DefaultTextureCube.uasset" 69
"../../../Engine/Content/EngineResources/Black.uasset" 70
"../../../Engine/Content/EngineResources/DefaultVolumeTexture2D.uasset" 71
"../../../Engine/Content/EngineResources/DefaultVolumeTexture.uasset" 72
"../../../Engine/Content/EngineResources/GradientTexture0.uasset" 73
"../../../Engine/Content/EditorLandscapeResources/DataLayer.uasset" 74
"../../../Engine/Content/EditorLandscapeResources/DefaultAlphaTexture.uasset" 75
"../../../Engine/Content/EditorMaterials/Camera/CineMat.uasset" 76
"../../../Engine/Content/EditorMaterials/Camera/MI_CineMat_Rig.uasset" 77
"../../../Engine/Content/EditorMeshes/Camera/SM_CraneRig_Body.uasset" 78
"../../../Engine/Content/EditorMeshes/Camera/SM_RailRig_Mount.uasset" 79
"../../../Engine/Content/EditorMeshes/Camera/SM_CraneRig_Base.uasset" 80
"../../../Engine/Content/EditorMeshes/Camera/SM_CraneRig_Mount.uasset" 81
"../../../Engine/Content/EditorMeshes/Camera/SM_CraneRig_Arm.uasset" 82
"../../../Engine/Content/EditorMeshes/Camera/SM_RailRig_Track.uasset" 83
"../../../Engine/Content/EngineFonts/Faces/RobotoRegular.uasset" 84
"../../../Engine/Content/EngineFonts/Faces/RobotoLight.uasset" 85
"../../../Engine/Content/EngineFonts/Faces/RobotoItalic.uasset" 86
"../../../Engine/Content/EngineFonts/Faces/RobotoBoldItalic.uasset" 87
"../../../Engine/Content/EngineFonts/Faces/RobotoBold.uasset" 88
"../../../Engine/Content/EngineFonts/Faces/DroidSansFallback.uasset" 89
"../../../Engine/Content/EngineFonts/Roboto.uasset" 90
"../../../Engine/Content/EngineDamageTypes/DmgTypeBP_Environmental.uasset" 91
"../../../Engine/Content/ArtTools/RenderToTexture/Meshes/S_1_Unit_Plane.uasset" 92
"../../../Engine/Content/EngineResources/WhiteSquareTexture.uasset" 93
"../../../Engine/Content/EngineMaterials/Widget3DPassThrough.uasset" 94
"../../../Engine/Content/EngineMaterials/Widget3DPassThrough_Masked.uasset" 95
"../../../Engine/Content/EngineMaterials/WeightMapPlaceholderTexture.uasset" 96
"../../../Engine/Content/EngineMaterials/Widget3DPassThrough_Translucent.uasset" 97
"../../../Engine/Content/EngineMaterials/Widget3DPassThrough_Translucent_OneSided.uasset" 98
"../../../Engine/Content/Functions/Engine_MaterialFunctions02/WorldPositionOffset/CameraOffset.uasset" 99
"../../../Engine/Content/EngineMaterials/PhAT_JointLimitMaterial.uasset" 100
"../../../Engine/Content/EngineMaterials/GizmoMaterial.uasset" 101
"../../../Engine/Content/EngineMaterials/BlueNoise.uasset" 102
"../../../Engine/Content/EngineMaterials/DefaultWhiteGrid_Low.uasset" 103
"../../../Engine/Content/EngineMaterials/EmissiveMeshMaterial.uasset" 104
"../../../Engine/Content/EngineMaterials/Widget3DPassThrough_Opaque.uasset" 105
"../../../Engine/Content/EngineMaterials/Widget3DPassThrough_Masked_OneSided.uasset" 106
"../../../Engine/Content/EngineMaterials/Good64x64TilingNoiseHighFreq.uasset" 107
"../../../Engine/Content/EngineMaterials/DefaultBloomKernel.uasset" 108
"../../../Engine/Content/EngineMaterials/RemoveSurfaceMaterial.uasset" 109
"../../../Engine/Content/EngineMaterials/DefaultDiffuse.uasset" 110
"../../../Engine/Content/EngineMaterials/DefaultDeferredDecalMaterial.uasset" 111
"../../../Engine/Content/Functions/Engine_MaterialFunctions02/Utility/BreakOutFloat2Components.uasset" 112
"../../../Engine/Content/EngineMaterials/DefaultPostProcessMaterial.uasset" 113
"../../../Engine/Content/EngineMaterials/DefaultPhysicalMaterial.uasset" 114
"../../../Engine/Content/EngineMaterials/BaseFlattenNormalMap.uasset" 115
"../../../Engine/Content/EngineMaterials/BaseFlattenEmissiveMap.uasset" 116
"../../../Engine/Content/EngineMaterials/BaseFlattenGrayscaleMap.uasset" 117
"../../../Engine/Content/EngineMaterials/BaseFlattenDiffuseMap.uasset" 118
"../../../Engine/Content/EngineMaterials/BaseFlattenMaterial.uasset" 119
"../../../Engine/Content/EngineMaterials/InvalidLightmapSettings.uasset" 120
"../../../Engine/Content/EngineMaterials/M_InvalidLightmapSettings.uasset" 121
"../../../Engine/Content/EngineFonts/RobotoDistanceField.uasset" 122
"../../../Engine/Content/EngineMaterials/DefaultTextMaterialOpaque.uasset" 123
"../../../Engine/Content/EngineMaterials/PreintegratedSkinBRDF.uasset" 124
"../../../Engine/Content/EngineMaterials/Widget3DPassThrough_Opaque_OneSided.uasset" 125
"../../../Engine/Content/EngineMaterials/DefaultBokeh.uasset" 126
"../../../Engine/Content/EngineMaterials/DefaultLightFunctionMaterial.uasset" 127
"../../../Engine/Content/EngineMaterials/MiniFont.uasset" 128
"../../../Engine/Content/EngineMaterials/DefaultWhiteGrid.uasset" 129
"../../../Engine/Content/EngineDebugMaterials/DebugEditorMaterial.uasset" 130
"../../../Engine/Content/Functions/Engine_MaterialFunctions01/Shading/ConvertFromDiffSpec.uasset" 131
"../../../Engine/Content/EngineDebugMaterials/VertexColorMaterial.uasset" 132
"../../../Engine/Content/EngineDebugMaterials/WireframeMaterial.uasset" 133
"../../../Engine/Content/EngineDebugMaterials/VolumeToRender.uasset" 134
"../../../Engine/Content/Functions/Engine_MaterialFunctions02/Utility/CameraDirectionVector.uasset" 135
"../../../Engine/Content/EngineDebugMaterials/M_VolumeRenderSphereTracePP.uasset" 136
"../../../Engine/Content/EngineDebugMaterials/M_SimpleUnlitTranslucent.uasset" 137
"../../../Engine/Content/EngineDebugMaterials/DebugMeshMaterial.uasset" 138
"../../../Engine/Content/EditorResources/S_Note.uasset" 139
"../../../Engine/Content/EditorResources/S_Solver.uasset" 140
"../../../Engine/Content/EditorResources/S_Terrain.uasset" 141
"../../../Engine/Content/EditorResources/S_Trigger.uasset" 142
"../../../Engine/Content/EditorResources/S_Actor.uasset" 143
"../../../Engine/Content/EditorResources/EmptyActor.uasset" 144
"../../../Engine/Content/EditorResources/BSPVertex.uasset" 145
"../../../Engine/Content/EditorResources/SequenceRecorder/Countdown.uasset" 146
"../../../Engine/Content/EditorResources/SequenceRecorder/RecordingIndicator.uasset" 147
"../../../Engine/Content/EditorResources/AudioIcons/S_AudioComponent_AutoActivate.uasset" 148
"../../../Engine/Content/BasicShapes/Cone.uasset" 149
"../../../Engine/Content/BasicShapes/Plane.uasset" 150
"../../../Engine/Content/Functions/Engine_MaterialFunctions01/Shading/PowerToRoughness.uasset" 151
"../../../Engine/Content/EditorMaterials/PreviewShadowIndicator.uasset" 152
"../../../Engine/Content/EditorMaterials/PreviewShadowIndicatorMaterial.uasset" 153
"../../../Engine/Content/EditorMaterials/MAT_Groups_Toggle.uasset" 154
"../../../Engine/Content/EditorMaterials/MAT_Groups_Visibility.uasset" 155
"../../../Engine/Content/EditorMaterials/AssetViewer/EpicQuadPanorama_CC+EV1.uasset" 156
"../../../Engine/Content/EditorMaterials/ParticleSystems/PSysThumbnail_NoImage.uasset" 157
"../../../Engine/Content/EditorMaterials/ParticleSystems/PSysThumbnail_OOD.uasset" 158
"../../../Engine/Content/EditorMaterials/MatineeGroups/MAT_Groups_Vector.uasset" 159
"../../../Engine/Content/EditorMaterials/MatineeGroups/MAT_ColorTrack.uasset" 160
"../../../Engine/Content/EditorMaterials/MatineeGroups/MAT_Groups_AudioMaster.uasset" 161
"../../../Engine/Content/EditorMaterials/MatineeGroups/MAT_Groups_Sound.uasset" 162
"../../../Engine/Content/EditorMaterials/MatineeGroups/MAT_Groups_Float.uasset" 163
"../../../Engine/Content/EditorMaterials/MatineeGroups/MAT_Groups_Director.uasset" 164
"../../../Engine/Content/EditorMaterials/MatineeGroups/MAT_Groups_Move.uasset" 165
"../../../Engine/Content/EditorMaterials/MatineeGroups/MAT_Groups_Event.uasset" 166
"../../../Engine/Content/EditorMaterials/MatineeGroups/MAT_Groups_Fade.uasset" 167
"../../../Engine/Content/EditorMaterials/MatineeGroups/MAT_Groups_Anim.uasset" 168
"../../../Engine/Content/EditorMaterials/MatineeGroups/MAT_Groups_Slomo.uasset" 169
"../../../Engine/Content/EngineSounds/Master.uasset" 170
"../../../Engine/Content/EngineMeshes/Cylinder.uasset" 171
"../../../Engine/Content/EngineSky/VolumetricClouds/CloudWeatherTexture.uasset" 172
"../../../Engine/Content/EngineSky/VolumetricClouds/T_NoiseShape64.uasset" 173
"../../../Engine/Content/EngineSky/VolumetricClouds/T_VolumeNoiseShape64.uasset" 174
"../../../Engine/Content/EngineSky/VolumetricClouds/T_NoiseErosion.uasset" 175
"../../../Engine/Content/EngineSky/VolumetricClouds/T_VolumeNoiseErosion32.uasset" 176
"../../../Engine/Content/EngineSky/VolumetricClouds/CloudGradientTexture.uasset" 177
"../../../Engine/Content/Functions/Engine_MaterialFunctions02/Utility/MakeFloat2.uasset" 178
"../../../Engine/Content/EngineSky/VolumetricClouds/m_SimpleVolumetricCloud.uasset" 179
"../../../Engine/Content/EngineSky/VolumetricClouds/m_SimpleVolumetricCloud_Inst.uasset" 180
"../../../Engine/Content/VREditor/TransformGizmo/TranslucentTransformGizmoMaterial.uasset" 181
"../../../Engine/Content/VREditor/LaserPointer/VR_LaserPower_01.uasset" 182
"../../../Engine/Content/VREditor/TransformGizmo/TransformGizmoMaterial.uasset" 183
"../../../Engine/Content/VREditor/TransformGizmo/PlaneTranslationHandle.uasset" 184
"../../../Engine/Content/VREditor/TransformGizmo/Xray.uasset" 185
"../../../Engine/Content/VREditor/TransformGizmo/Main.uasset" 186
"../../../Engine/Content/VREditor/TransformGizmo/SM_Sequencer_Key.uasset" 187
"../../../Engine/Content/VREditor/TransformGizmo/BoundingBoxCorner.uasset" 188
"../../../Engine/Content/VREditor/TransformGizmo/SM_Sequencer_Node.uasset" 189
"../../../Engine/Content/VREditor/TransformGizmo/BoundingBoxEdge.uasset" 190
"../../../Engine/Content/BasicShapes/Cylinder.uasset" 191
"../../../Engine/Content/ArtTools/RenderToTexture/Materials/Debug/M_Emissive_Color.uasset" 192
"../../Plugins/Lumin/MagicLeapPassableWorld/Content/MagicLeapARPinInfoActor.uasset" 193
"../../Plugins/2D/Paper2D/Content/PlaceholderTextures/DummySpriteTexture.uasset" 194
"../../Plugins/2D/Paper2D/Content/DefaultSpriteMaterial.uasset" 195
"../../Plugins/2D/Paper2D/Content/OpaqueUnlitSpriteMaterial.uasset" 196
"../../Plugins/2D/Paper2D/Content/DummySprite.uasset" 197
"../../Plugins/2D/Paper2D/Content/DefaultPaperTerrainMaterial.uasset" 198
"../../Plugins/2D/Paper2D/Content/MaskedUnlitSpriteMaterial.uasset" 199
"../../../Engine/Content/Functions/Engine_MaterialFunctions02/Utility/BreakOutFloat3Components.uasset" 200
"../../Plugins/Editor/SpeedTreeImporter/Content/SpeedTree9/UnpackInteger3.uasset" 201
"../../Plugins/Editor/SpeedTreeImporter/Content/SpeedTree9/SpeedTreeBillboard.uasset" 202
"../../Plugins/Editor/SpeedTreeImporter/Content/SpeedTree9/UnpackDirection.uasset" 203
"../../Plugins/Editor/SpeedTreeImporter/Content/SpeedTree9/game_wind_noise.uasset" 204
"../../../Engine/Content/Functions/Engine_MaterialFunctions02/SafeNormalize.uasset" 205
"../../Plugins/Editor/SpeedTreeImporter/Content/SpeedTree9/SpeedTreeWindMotion.uasset" 206
"../../Plugins/Editor/SpeedTreeImporter/Content/SpeedTree9/SpeedTreeBranchMotion.uasset" 207
"../../../Engine/Content/Functions/Engine_MaterialFunctions02/ObjectLocalBounds.uasset" 208
"../../../Engine/Content/Functions/Engine_MaterialFunctions02/UVs/BoundingBoxBased_0-1_UVW.uasset" 209
"../../Plugins/Editor/SpeedTreeImporter/Content/SpeedTree9/SpeedTreeWind.uasset" 210
"../../../Engine/Content/EngineResources/DefaultTexture.uasset" 211
"../../Plugins/Editor/SpeedTreeImporter/Content/SpeedTree9/SpeedTreeBillboardMaster.uasset" 212
"../../Plugins/Editor/SpeedTreeImporter/Content/SpeedTree9/SpeedTreeCameraFacing.uasset" 213
"../../Plugins/Editor/SpeedTreeImporter/Content/SpeedTree9/SpeedTreeMaster.uasset" 214
"../../Plugins/Runtime/HairStrands/Content/Materials/HairMeshesDefaultMaterial.uasset" 215
"../../Plugins/Runtime/HairStrands/Content/Materials/HairDefaultMaterial.uasset" 216
"../../../Engine/Content/EngineMaterials/HairDebugColor.uasset" 217
"../../../Engine/Content/EngineMaterials/HairColorMap.uasset" 218
"../../../Engine/Content/Functions/Engine_MaterialFunctions02/Utility/MakeFloat3.uasset" 219
"../../Plugins/Runtime/HairStrands/Content/Materials/HairDebugMaterial.uasset" 220
"../../Plugins/Runtime/HairStrands/Content/Materials/HairCardsDefaultMaterial.uasset" 221
"../../../Engine/Content/MapTemplates/SM_Template_Map_Floor.uasset" 222
"../../../Engine/Content/EngineSky/T_Sky_Stars.uasset" 223
"../../../Engine/Content/EngineSky/T_Sky_Clouds_M.uasset" 224
"../../../Engine/Content/EngineSky/T_Sky_Blue.uasset" 225
"../../../Engine/Content/EngineSky/M_Sky_Panning_Clouds2.uasset" 226
"../../../Engine/Content/EngineSky/C_Sky_Horizon_Color.uasset" 227
"../../../Engine/Content/EngineSky/C_Sky_Cloud_Color.uasset" 228
"../../../Engine/Content/EngineSky/C_Sky_Zenith_Color.uasset" 229
"../../../Engine/Content/EngineSky/SM_SkySphere.uasset" 230
"../../../Engine/Content/EditorBlueprintResources/StandardMacros.uasset" 231
"../../../Engine/Content/EngineSky/BP_Sky_Sphere.uasset" 232
"../../../../PROD/RGcube/Content/Levels/FirstLevel_BuiltData.uasset" 233
"../../../../PROD/RGcube/Content/Levels/FirstLevel.umap" 234
"../../../../PROD/RGcube/Content/Levels/LBP_MainLevel_BuiltData.uasset" 235
"../../../../PROD/RGcube/Content/Material/M_Floor.uasset" 236
"../../../../PROD/RGcube/Content/Blueprints/BP_Red_Gate1.uasset" 237
"../../../../PROD/RGcube/Content/Meshes/Cylinder1.uasset" 238
"../../../../PROD/RGcube/Content/Blueprints/BP_Change_Gates.uasset" 239
"../../../Engine/Content/EngineMeshes/Cube.uasset" 240
"../../../../PROD/RGcube/Content/Blueprints/Wall.uasset" 241
"../../../../PROD/RGcube/Content/Blueprints/BP_Change_Color_To_Red.uasset" 242
"../../../../PROD/RGcube/Content/UI/Start_menu.uasset" 243
"../../../../PROD/RGcube/Content/UI/EndofDemo.uasset" 244
"../../../../PROD/RGcube/Content/Music/Treasures_Within_The_Abomination.uasset" 245
"../../../../PROD/RGcube/Content/Music/BG_Music.uasset" 246
"../../../../PROD/RGcube/Content/Levels/LBP_MainLevel.umap" 247
"../../../Engine/Content/Maps/Entry_BuiltData.uasset" 248
"../../../Engine/Content/Maps/Entry.umap" 249
